CRITICAL - 2022-06-06 20:32:41 --> Invalid file: navbar.php
#0 C:\xampp\htdocs\webci4\system\View\View.php(198): CodeIgniter\Exceptions\FrameworkException::forInvalidFile('navbar.php')
#1 C:\xampp\htdocs\webci4\system\View\View.php(424): CodeIgniter\View\View->render('navbar', NULL, true)
#2 C:\xampp\htdocs\webci4\app\Views\layout\template.php(11): CodeIgniter\View\View->include('navbar')
#3 C:\xampp\htdocs\webci4\system\View\View.php(210): include('C:\\xampp\\htdocs...')
#4 C:\xampp\htdocs\webci4\system\View\View.php(213): CodeIgniter\View\View->CodeIgniter\View\{closure}()
#5 C:\xampp\htdocs\webci4\system\View\View.php(226): CodeIgniter\View\View->render('layout/template', Array, true)
#6 C:\xampp\htdocs\webci4\system\Common.php(1089): CodeIgniter\View\View->render('pages/home', Array, true)
#7 C:\xampp\htdocs\webci4\app\Controllers\Pages.php(9): view('pages/home')
#8 C:\xampp\htdocs\webci4\system\CodeIgniter.php(832): App\Controllers\Pages->home()
#9 C:\xampp\htdocs\webci4\system\CodeIgniter.php(419): CodeIgniter\CodeIgniter->runController(Object(App\Controllers\Pages))
#10 C:\xampp\htdocs\webci4\system\CodeIgniter.php(326): CodeIgniter\CodeIgniter->handleRequest(NULL, Object(Config\Cache), false)
#11 C:\xampp\htdocs\webci4\public\index.php(37): CodeIgniter\CodeIgniter->run()
#12 C:\xampp\htdocs\webci4\system\Commands\Server\rewrite.php(43): require_once('C:\\xampp\\htdocs...')
#13 {main}
CRITICAL - 2022-06-06 20:37:20 --> Invalid file: navbar.php
#0 C:\xampp\htdocs\webci4\system\View\View.php(198): CodeIgniter\Exceptions\FrameworkException::forInvalidFile('navbar.php')
#1 C:\xampp\htdocs\webci4\system\View\View.php(424): CodeIgniter\View\View->render('navbar', NULL, true)
#2 C:\xampp\htdocs\webci4\app\Views\layout\template.php(11): CodeIgniter\View\View->include('navbar')
#3 C:\xampp\htdocs\webci4\system\View\View.php(210): include('C:\\xampp\\htdocs...')
#4 C:\xampp\htdocs\webci4\system\View\View.php(213): CodeIgniter\View\View->CodeIgniter\View\{closure}()
#5 C:\xampp\htdocs\webci4\system\View\View.php(226): CodeIgniter\View\View->render('layout/template', Array, true)
#6 C:\xampp\htdocs\webci4\system\Common.php(1089): CodeIgniter\View\View->render('pages/home', Array, true)
#7 C:\xampp\htdocs\webci4\app\Controllers\Pages.php(9): view('pages/home')
#8 C:\xampp\htdocs\webci4\system\CodeIgniter.php(832): App\Controllers\Pages->home()
#9 C:\xampp\htdocs\webci4\system\CodeIgniter.php(419): CodeIgniter\CodeIgniter->runController(Object(App\Controllers\Pages))
#10 C:\xampp\htdocs\webci4\system\CodeIgniter.php(326): CodeIgniter\CodeIgniter->handleRequest(NULL, Object(Config\Cache), false)
#11 C:\xampp\htdocs\webci4\public\index.php(37): CodeIgniter\CodeIgniter->run()
#12 C:\xampp\htdocs\webci4\system\Commands\Server\rewrite.php(43): require_once('C:\\xampp\\htdocs...')
#13 {main}
CRITICAL - 2022-06-06 20:55:04 --> Invalid file: home.php
#0 C:\xampp\htdocs\webci4\system\View\View.php(198): CodeIgniter\Exceptions\FrameworkException::forInvalidFile('home.php')
#1 C:\xampp\htdocs\webci4\system\Common.php(1089): CodeIgniter\View\View->render('home', Array, true)
#2 C:\xampp\htdocs\webci4\app\Controllers\Pages.php(9): view('home')
#3 C:\xampp\htdocs\webci4\system\CodeIgniter.php(832): App\Controllers\Pages->index()
#4 C:\xampp\htdocs\webci4\system\CodeIgniter.php(419): CodeIgniter\CodeIgniter->runController(Object(App\Controllers\Pages))
#5 C:\xampp\htdocs\webci4\system\CodeIgniter.php(326): CodeIgniter\CodeIgniter->handleRequest(NULL, Object(Config\Cache), false)
#6 C:\xampp\htdocs\webci4\public\index.php(37): CodeIgniter\CodeIgniter->run()
#7 C:\xampp\htdocs\webci4\system\Commands\Server\rewrite.php(43): require_once('C:\\xampp\\htdocs...')
#8 {main}
CRITICAL - 2022-06-06 20:55:30 --> Invalid file: home.php
#0 C:\xampp\htdocs\webci4\system\View\View.php(198): CodeIgniter\Exceptions\FrameworkException::forInvalidFile('home.php')
#1 C:\xampp\htdocs\webci4\system\Common.php(1089): CodeIgniter\View\View->render('home', Array, true)
#2 C:\xampp\htdocs\webci4\app\Controllers\Pages.php(9): view('home')
#3 C:\xampp\htdocs\webci4\system\CodeIgniter.php(832): App\Controllers\Pages->index()
#4 C:\xampp\htdocs\webci4\system\CodeIgniter.php(419): CodeIgniter\CodeIgniter->runController(Object(App\Controllers\Pages))
#5 C:\xampp\htdocs\webci4\system\CodeIgniter.php(326): CodeIgniter\CodeIgniter->handleRequest(NULL, Object(Config\Cache), false)
#6 C:\xampp\htdocs\webci4\public\index.php(37): CodeIgniter\CodeIgniter->run()
#7 C:\xampp\htdocs\webci4\system\Commands\Server\rewrite.php(43): require_once('C:\\xampp\\htdocs...')
#8 {main}
CRITICAL - 2022-06-06 20:57:56 --> Invalid file: home.php
#0 C:\xampp\htdocs\webci4\system\View\View.php(198): CodeIgniter\Exceptions\FrameworkException::forInvalidFile('home.php')
#1 C:\xampp\htdocs\webci4\system\Common.php(1089): CodeIgniter\View\View->render('home', Array, true)
#2 C:\xampp\htdocs\webci4\app\Controllers\Pages.php(9): view('home')
#3 C:\xampp\htdocs\webci4\system\CodeIgniter.php(832): App\Controllers\Pages->index()
#4 C:\xampp\htdocs\webci4\system\CodeIgniter.php(419): CodeIgniter\CodeIgniter->runController(Object(App\Controllers\Pages))
#5 C:\xampp\htdocs\webci4\system\CodeIgniter.php(326): CodeIgniter\CodeIgniter->handleRequest(NULL, Object(Config\Cache), false)
#6 C:\xampp\htdocs\webci4\public\index.php(37): CodeIgniter\CodeIgniter->run()
#7 C:\xampp\htdocs\webci4\system\Commands\Server\rewrite.php(43): require_once('C:\\xampp\\htdocs...')
#8 {main}
CRITICAL - 2022-06-06 21:00:57 --> Invalid file: pages/about.php
#0 C:\xampp\htdocs\webci4\system\View\View.php(198): CodeIgniter\Exceptions\FrameworkException::forInvalidFile('pages/about.php')
#1 C:\xampp\htdocs\webci4\system\Common.php(1089): CodeIgniter\View\View->render('pages/about', Array, true)
#2 C:\xampp\htdocs\webci4\app\Controllers\Pages.php(13): view('pages/about')
#3 C:\xampp\htdocs\webci4\system\CodeIgniter.php(832): App\Controllers\Pages->about()
#4 C:\xampp\htdocs\webci4\system\CodeIgniter.php(419): CodeIgniter\CodeIgniter->runController(Object(App\Controllers\Pages))
#5 C:\xampp\htdocs\webci4\system\CodeIgniter.php(326): CodeIgniter\CodeIgniter->handleRequest(NULL, Object(Config\Cache), false)
#6 C:\xampp\htdocs\webci4\public\index.php(37): CodeIgniter\CodeIgniter->run()
#7 C:\xampp\htdocs\webci4\system\Commands\Server\rewrite.php(43): require_once('C:\\xampp\\htdocs...')
#8 {main}
CRITICAL - 2022-06-06 21:06:09 --> Invalid file: pages/about.php
#0 C:\xampp\htdocs\webci4\system\View\View.php(198): CodeIgniter\Exceptions\FrameworkException::forInvalidFile('pages/about.php')
#1 C:\xampp\htdocs\webci4\system\Common.php(1089): CodeIgniter\View\View->render('pages/about', Array, true)
#2 C:\xampp\htdocs\webci4\app\Controllers\Pages.php(13): view('pages/about')
#3 C:\xampp\htdocs\webci4\system\CodeIgniter.php(832): App\Controllers\Pages->about()
#4 C:\xampp\htdocs\webci4\system\CodeIgniter.php(419): CodeIgniter\CodeIgniter->runController(Object(App\Controllers\Pages))
#5 C:\xampp\htdocs\webci4\system\CodeIgniter.php(326): CodeIgniter\CodeIgniter->handleRequest(NULL, Object(Config\Cache), false)
#6 C:\xampp\htdocs\webci4\public\index.php(37): CodeIgniter\CodeIgniter->run()
#7 C:\xampp\htdocs\webci4\system\Commands\Server\rewrite.php(43): require_once('C:\\xampp\\htdocs...')
#8 {main}
CRITICAL - 2022-06-06 21:23:20 --> Too few arguments to function CodeIgniter\View\View::section(), 0 passed in C:\xampp\htdocs\webci4\app\Views\pages\home.php on line 3 and exactly 1 expected
#0 C:\xampp\htdocs\webci4\app\Views\pages\home.php(3): CodeIgniter\View\View->section()
#1 C:\xampp\htdocs\webci4\system\View\View.php(210): include('C:\\xampp\\htdocs...')
#2 C:\xampp\htdocs\webci4\system\View\View.php(213): CodeIgniter\View\View->CodeIgniter\View\{closure}()
#3 C:\xampp\htdocs\webci4\system\Common.php(1089): CodeIgniter\View\View->render('pages/home', Array, true)
#4 C:\xampp\htdocs\webci4\app\Controllers\Pages.php(9): view('pages/home')
#5 C:\xampp\htdocs\webci4\system\CodeIgniter.php(832): App\Controllers\Pages->index()
#6 C:\xampp\htdocs\webci4\system\CodeIgniter.php(419): CodeIgniter\CodeIgniter->runController(Object(App\Controllers\Pages))
#7 C:\xampp\htdocs\webci4\system\CodeIgniter.php(326): CodeIgniter\CodeIgniter->handleRequest(NULL, Object(Config\Cache), false)
#8 C:\xampp\htdocs\webci4\public\index.php(37): CodeIgniter\CodeIgniter->run()
#9 C:\xampp\htdocs\webci4\system\Commands\Server\rewrite.php(43): require_once('C:\\xampp\\htdocs...')
#10 {main}
CRITICAL - 2022-06-06 21:26:27 --> Too few arguments to function CodeIgniter\View\View::section(), 0 passed in C:\xampp\htdocs\webci4\app\Views\pages\home.php on line 3 and exactly 1 expected
#0 C:\xampp\htdocs\webci4\app\Views\pages\home.php(3): CodeIgniter\View\View->section()
#1 C:\xampp\htdocs\webci4\system\View\View.php(210): include('C:\\xampp\\htdocs...')
#2 C:\xampp\htdocs\webci4\system\View\View.php(213): CodeIgniter\View\View->CodeIgniter\View\{closure}()
#3 C:\xampp\htdocs\webci4\system\Common.php(1089): CodeIgniter\View\View->render('pages/home', Array, true)
#4 C:\xampp\htdocs\webci4\app\Controllers\Pages.php(9): view('pages/home')
#5 C:\xampp\htdocs\webci4\system\CodeIgniter.php(832): App\Controllers\Pages->index()
#6 C:\xampp\htdocs\webci4\system\CodeIgniter.php(419): CodeIgniter\CodeIgniter->runController(Object(App\Controllers\Pages))
#7 C:\xampp\htdocs\webci4\system\CodeIgniter.php(326): CodeIgniter\CodeIgniter->handleRequest(NULL, Object(Config\Cache), false)
#8 C:\xampp\htdocs\webci4\public\index.php(37): CodeIgniter\CodeIgniter->run()
#9 C:\xampp\htdocs\webci4\system\Commands\Server\rewrite.php(43): require_once('C:\\xampp\\htdocs...')
#10 {main}
CRITICAL - 2022-06-06 21:47:19 --> Undefined variable $tittle
#0 C:\xampp\htdocs\webci4\app\Views\layout\template.php(6): CodeIgniter\Debug\Exceptions->errorHandler(2, 'Undefined varia...', 'C:\\xampp\\htdocs...', 6)
#1 C:\xampp\htdocs\webci4\system\View\View.php(210): include('C:\\xampp\\htdocs...')
#2 C:\xampp\htdocs\webci4\system\View\View.php(213): CodeIgniter\View\View->CodeIgniter\View\{closure}()
#3 C:\xampp\htdocs\webci4\system\View\View.php(226): CodeIgniter\View\View->render('layout/template', Array, true)
#4 C:\xampp\htdocs\webci4\system\Common.php(1089): CodeIgniter\View\View->render('pages/about', Array, true)
#5 C:\xampp\htdocs\webci4\app\Controllers\Pages.php(16): view('pages/about')
#6 C:\xampp\htdocs\webci4\system\CodeIgniter.php(832): App\Controllers\Pages->about()
#7 C:\xampp\htdocs\webci4\system\CodeIgniter.php(419): CodeIgniter\CodeIgniter->runController(Object(App\Controllers\Pages))
#8 C:\xampp\htdocs\webci4\system\CodeIgniter.php(326): CodeIgniter\CodeIgniter->handleRequest(NULL, Object(Config\Cache), false)
#9 C:\xampp\htdocs\webci4\public\index.php(37): CodeIgniter\CodeIgniter->run()
#10 C:\xampp\htdocs\webci4\system\Commands\Server\rewrite.php(43): require_once('C:\\xampp\\htdocs...')
#11 {main}
CRITICAL - 2022-06-06 21:47:33 --> Undefined variable $tittle
#0 C:\xampp\htdocs\webci4\app\Views\layout\template.php(6): CodeIgniter\Debug\Exceptions->errorHandler(2, 'Undefined varia...', 'C:\\xampp\\htdocs...', 6)
#1 C:\xampp\htdocs\webci4\system\View\View.php(210): include('C:\\xampp\\htdocs...')
#2 C:\xampp\htdocs\webci4\system\View\View.php(213): CodeIgniter\View\View->CodeIgniter\View\{closure}()
#3 C:\xampp\htdocs\webci4\system\View\View.php(226): CodeIgniter\View\View->render('layout/template', Array, true)
#4 C:\xampp\htdocs\webci4\system\Common.php(1089): CodeIgniter\View\View->render('pages/about', Array, true)
#5 C:\xampp\htdocs\webci4\app\Controllers\Pages.php(16): view('pages/about')
#6 C:\xampp\htdocs\webci4\system\CodeIgniter.php(832): App\Controllers\Pages->about()
#7 C:\xampp\htdocs\webci4\system\CodeIgniter.php(419): CodeIgniter\CodeIgniter->runController(Object(App\Controllers\Pages))
#8 C:\xampp\htdocs\webci4\system\CodeIgniter.php(326): CodeIgniter\CodeIgniter->handleRequest(NULL, Object(Config\Cache), false)
#9 C:\xampp\htdocs\webci4\public\index.php(37): CodeIgniter\CodeIgniter->run()
#10 C:\xampp\htdocs\webci4\system\Commands\Server\rewrite.php(43): require_once('C:\\xampp\\htdocs...')
#11 {main}
CRITICAL - 2022-06-06 22:06:26 --> Array to string conversion
#0 C:\xampp\htdocs\webci4\app\Views\pages\contact.php(7): CodeIgniter\Debug\Exceptions->errorHandler(2, 'Array to string...', 'C:\\xampp\\htdocs...', 7)
#1 C:\xampp\htdocs\webci4\system\View\View.php(210): include('C:\\xampp\\htdocs...')
#2 C:\xampp\htdocs\webci4\system\View\View.php(213): CodeIgniter\View\View->CodeIgniter\View\{closure}()
#3 C:\xampp\htdocs\webci4\system\Common.php(1089): CodeIgniter\View\View->render('pages/contact', Array, true)
#4 C:\xampp\htdocs\webci4\app\Controllers\Pages.php(38): view('pages/contact', Array)
#5 C:\xampp\htdocs\webci4\system\CodeIgniter.php(832): App\Controllers\Pages->contact()
#6 C:\xampp\htdocs\webci4\system\CodeIgniter.php(419): CodeIgniter\CodeIgniter->runController(Object(App\Controllers\Pages))
#7 C:\xampp\htdocs\webci4\system\CodeIgniter.php(326): CodeIgniter\CodeIgniter->handleRequest(NULL, Object(Config\Cache), false)
#8 C:\xampp\htdocs\webci4\public\index.php(37): CodeIgniter\CodeIgniter->run()
#9 C:\xampp\htdocs\webci4\system\Commands\Server\rewrite.php(43): require_once('C:\\xampp\\htdocs...')
#10 {main}
CRITICAL - 2022-06-06 22:07:24 --> syntax error, unexpected token "endforeach", expecting end of file
#0 C:\xampp\htdocs\webci4\system\View\View.php(213): CodeIgniter\View\View->CodeIgniter\View\{closure}()
#1 C:\xampp\htdocs\webci4\system\Common.php(1089): CodeIgniter\View\View->render('pages/contact', Array, true)
#2 C:\xampp\htdocs\webci4\app\Controllers\Pages.php(38): view('pages/contact', Array)
#3 C:\xampp\htdocs\webci4\system\CodeIgniter.php(832): App\Controllers\Pages->contact()
#4 C:\xampp\htdocs\webci4\system\CodeIgniter.php(419): CodeIgniter\CodeIgniter->runController(Object(App\Controllers\Pages))
#5 C:\xampp\htdocs\webci4\system\CodeIgniter.php(326): CodeIgniter\CodeIgniter->handleRequest(NULL, Object(Config\Cache), false)
#6 C:\xampp\htdocs\webci4\public\index.php(37): CodeIgniter\CodeIgniter->run()
#7 C:\xampp\htdocs\webci4\system\Commands\Server\rewrite.php(43): require_once('C:\\xampp\\htdocs...')
#8 {main}
CRITICAL - 2022-06-06 22:09:00 --> syntax error, unexpected token "endforeach", expecting end of file
#0 C:\xampp\htdocs\webci4\system\View\View.php(213): CodeIgniter\View\View->CodeIgniter\View\{closure}()
#1 C:\xampp\htdocs\webci4\system\Common.php(1089): CodeIgniter\View\View->render('pages/contact', Array, true)
#2 C:\xampp\htdocs\webci4\app\Controllers\Pages.php(38): view('pages/contact', Array)
#3 C:\xampp\htdocs\webci4\system\CodeIgniter.php(832): App\Controllers\Pages->contact()
#4 C:\xampp\htdocs\webci4\system\CodeIgniter.php(419): CodeIgniter\CodeIgniter->runController(Object(App\Controllers\Pages))
#5 C:\xampp\htdocs\webci4\system\CodeIgniter.php(326): CodeIgniter\CodeIgniter->handleRequest(NULL, Object(Config\Cache), false)
#6 C:\xampp\htdocs\webci4\public\index.php(37): CodeIgniter\CodeIgniter->run()
#7 C:\xampp\htdocs\webci4\system\Commands\Server\rewrite.php(43): require_once('C:\\xampp\\htdocs...')
#8 {main}
CRITICAL - 2022-06-06 22:33:39 --> Invalid file: komik/home.php
#0 C:\xampp\htdocs\webci4\system\View\View.php(198): CodeIgniter\Exceptions\FrameworkException::forInvalidFile('komik/home.php')
#1 C:\xampp\htdocs\webci4\system\Common.php(1089): CodeIgniter\View\View->render('komik/home', Array, true)
#2 C:\xampp\htdocs\webci4\app\Controllers\Komik.php(12): view('komik/home', Array)
#3 C:\xampp\htdocs\webci4\system\CodeIgniter.php(832): App\Controllers\Komik->index()
#4 C:\xampp\htdocs\webci4\system\CodeIgniter.php(419): CodeIgniter\CodeIgniter->runController(Object(App\Controllers\Komik))
#5 C:\xampp\htdocs\webci4\system\CodeIgniter.php(326): CodeIgniter\CodeIgniter->handleRequest(NULL, Object(Config\Cache), false)
#6 C:\xampp\htdocs\webci4\public\index.php(37): CodeIgniter\CodeIgniter->run()
#7 C:\xampp\htdocs\webci4\system\Commands\Server\rewrite.php(43): require_once('C:\\xampp\\htdocs...')
#8 {main}
CRITICAL - 2022-06-06 22:33:51 --> Invalid file: komik/.php
#0 C:\xampp\htdocs\webci4\system\View\View.php(198): CodeIgniter\Exceptions\FrameworkException::forInvalidFile('komik/.php')
#1 C:\xampp\htdocs\webci4\system\Common.php(1089): CodeIgniter\View\View->render('komik/', Array, true)
#2 C:\xampp\htdocs\webci4\app\Controllers\Komik.php(12): view('komik/', Array)
#3 C:\xampp\htdocs\webci4\system\CodeIgniter.php(832): App\Controllers\Komik->index()
#4 C:\xampp\htdocs\webci4\system\CodeIgniter.php(419): CodeIgniter\CodeIgniter->runController(Object(App\Controllers\Komik))
#5 C:\xampp\htdocs\webci4\system\CodeIgniter.php(326): CodeIgniter\CodeIgniter->handleRequest(NULL, Object(Config\Cache), false)
#6 C:\xampp\htdocs\webci4\public\index.php(37): CodeIgniter\CodeIgniter->run()
#7 C:\xampp\htdocs\webci4\system\Commands\Server\rewrite.php(43): require_once('C:\\xampp\\htdocs...')
#8 {main}
CRITICAL - 2022-06-06 22:33:55 --> Invalid file: komik.php
#0 C:\xampp\htdocs\webci4\system\View\View.php(198): CodeIgniter\Exceptions\FrameworkException::forInvalidFile('komik.php')
#1 C:\xampp\htdocs\webci4\system\Common.php(1089): CodeIgniter\View\View->render('komik', Array, true)
#2 C:\xampp\htdocs\webci4\app\Controllers\Komik.php(12): view('komik', Array)
#3 C:\xampp\htdocs\webci4\system\CodeIgniter.php(832): App\Controllers\Komik->index()
#4 C:\xampp\htdocs\webci4\system\CodeIgniter.php(419): CodeIgniter\CodeIgniter->runController(Object(App\Controllers\Komik))
#5 C:\xampp\htdocs\webci4\system\CodeIgniter.php(326): CodeIgniter\CodeIgniter->handleRequest(NULL, Object(Config\Cache), false)
#6 C:\xampp\htdocs\webci4\public\index.php(37): CodeIgniter\CodeIgniter->run()
#7 C:\xampp\htdocs\webci4\system\Commands\Server\rewrite.php(43): require_once('C:\\xampp\\htdocs...')
#8 {main}
