CRITICAL - 2022-06-07 00:37:15 --> Undefined variable $judul
#0 C:\xampp\htdocs\webci4\app\Views\komik\index.php(22): CodeIgniter\Debug\Exceptions->errorHandler(2, 'Undefined varia...', 'C:\\xampp\\htdocs...', 22)
#1 C:\xampp\htdocs\webci4\system\View\View.php(210): include('C:\\xampp\\htdocs...')
#2 C:\xampp\htdocs\webci4\system\View\View.php(213): CodeIgniter\View\View->CodeIgniter\View\{closure}()
#3 C:\xampp\htdocs\webci4\system\Common.php(1089): CodeIgniter\View\View->render('komik/index', Array, true)
#4 C:\xampp\htdocs\webci4\app\Controllers\Komik.php(23): view('komik/index', Array)
#5 C:\xampp\htdocs\webci4\system\CodeIgniter.php(832): App\Controllers\Komik->index()
#6 C:\xampp\htdocs\webci4\system\CodeIgniter.php(419): CodeIgniter\CodeIgniter->runController(Object(App\Controllers\Komik))
#7 C:\xampp\htdocs\webci4\system\CodeIgniter.php(326): CodeIgniter\CodeIgniter->handleRequest(NULL, Object(Config\Cache), false)
#8 C:\xampp\htdocs\webci4\public\index.php(37): CodeIgniter\CodeIgniter->run()
#9 C:\xampp\htdocs\webci4\system\Commands\Server\rewrite.php(43): require_once('C:\\xampp\\htdocs...')
#10 {main}
CRITICAL - 2022-06-07 01:35:11 --> Invalid file: komik/create.php
#0 C:\xampp\htdocs\webci4\system\View\View.php(198): CodeIgniter\Exceptions\FrameworkException::forInvalidFile('komik/create.ph...')
#1 C:\xampp\htdocs\webci4\system\Common.php(1089): CodeIgniter\View\View->render('komik/create', Array, true)
#2 C:\xampp\htdocs\webci4\app\Controllers\Komik.php(34): view('komik/create', Array)
#3 C:\xampp\htdocs\webci4\system\CodeIgniter.php(832): App\Controllers\Komik->create()
#4 C:\xampp\htdocs\webci4\system\CodeIgniter.php(419): CodeIgniter\CodeIgniter->runController(Object(App\Controllers\Komik))
#5 C:\xampp\htdocs\webci4\system\CodeIgniter.php(326): CodeIgniter\CodeIgniter->handleRequest(NULL, Object(Config\Cache), false)
#6 C:\xampp\htdocs\webci4\public\index.php(37): CodeIgniter\CodeIgniter->run()
#7 C:\xampp\htdocs\webci4\system\Commands\Server\rewrite.php(43): require_once('C:\\xampp\\htdocs...')
#8 {main}
CRITICAL - 2022-06-07 01:36:58 --> Undefined variable $thsi
#0 C:\xampp\htdocs\webci4\app\Views\komik\create.php(11): CodeIgniter\Debug\Exceptions->errorHandler(2, 'Undefined varia...', 'C:\\xampp\\htdocs...', 11)
#1 C:\xampp\htdocs\webci4\system\View\View.php(210): include('C:\\xampp\\htdocs...')
#2 C:\xampp\htdocs\webci4\system\View\View.php(213): CodeIgniter\View\View->CodeIgniter\View\{closure}()
#3 C:\xampp\htdocs\webci4\system\Common.php(1089): CodeIgniter\View\View->render('komik/create', Array, true)
#4 C:\xampp\htdocs\webci4\app\Controllers\Komik.php(34): view('komik/create', Array)
#5 C:\xampp\htdocs\webci4\system\CodeIgniter.php(832): App\Controllers\Komik->create()
#6 C:\xampp\htdocs\webci4\system\CodeIgniter.php(419): CodeIgniter\CodeIgniter->runController(Object(App\Controllers\Komik))
#7 C:\xampp\htdocs\webci4\system\CodeIgniter.php(326): CodeIgniter\CodeIgniter->handleRequest(NULL, Object(Config\Cache), false)
#8 C:\xampp\htdocs\webci4\public\index.php(37): CodeIgniter\CodeIgniter->run()
#9 C:\xampp\htdocs\webci4\system\Commands\Server\rewrite.php(43): require_once('C:\\xampp\\htdocs...')
#10 {main}
CRITICAL - 2022-06-07 02:09:55 --> Too few arguments to function App\Controllers\Komik::detail(), 0 passed in C:\xampp\htdocs\webci4\system\CodeIgniter.php on line 832 and exactly 1 expected
#0 C:\xampp\htdocs\webci4\system\CodeIgniter.php(832): App\Controllers\Komik->detail()
#1 C:\xampp\htdocs\webci4\system\CodeIgniter.php(419): CodeIgniter\CodeIgniter->runController(Object(App\Controllers\Komik))
#2 C:\xampp\htdocs\webci4\system\CodeIgniter.php(326): CodeIgniter\CodeIgniter->handleRequest(NULL, Object(Config\Cache), false)
#3 C:\xampp\htdocs\webci4\public\index.php(37): CodeIgniter\CodeIgniter->run()
#4 C:\xampp\htdocs\webci4\system\Commands\Server\rewrite.php(43): require_once('C:\\xampp\\htdocs...')
#5 {main}
ERROR - 2022-06-07 21:20:04 --> Error connecting to the database: No connection could be made because the target machine actively refused it
CRITICAL - 2022-06-07 21:20:04 --> Unable to connect to the database.
Main connection [MySQLi]: No connection could be made because the target machine actively refused it
#0 C:\xampp\htdocs\ci4\system\Database\BaseConnection.php(577): CodeIgniter\Database\BaseConnection->initialize()
#1 C:\xampp\htdocs\ci4\system\Database\BaseBuilder.php(1455): CodeIgniter\Database\BaseConnection->query('SELECT *\nFROM `...', Array, false)
#2 C:\xampp\htdocs\ci4\system\Model.php(183): CodeIgniter\Database\BaseBuilder->get()
#3 C:\xampp\htdocs\ci4\system\BaseModel.php(584): CodeIgniter\Model->doFindAll(0, 0)
#4 C:\xampp\htdocs\ci4\app\Controllers\Komik.php(18): CodeIgniter\BaseModel->findAll()
#5 C:\xampp\htdocs\ci4\system\CodeIgniter.php(832): App\Controllers\Komik->index()
#6 C:\xampp\htdocs\ci4\system\CodeIgniter.php(419): CodeIgniter\CodeIgniter->runController(Object(App\Controllers\Komik))
#7 C:\xampp\htdocs\ci4\system\CodeIgniter.php(326): CodeIgniter\CodeIgniter->handleRequest(NULL, Object(Config\Cache), false)
#8 C:\xampp\htdocs\ci4\public\index.php(37): CodeIgniter\CodeIgniter->run()
#9 C:\xampp\htdocs\ci4\system\Commands\Server\rewrite.php(43): require_once('C:\\xampp\\htdocs...')
#10 {main}
CRITICAL - 2022-06-07 21:37:54 --> Trying to access array offset on value of type null
#0 C:\xampp\htdocs\ci4\app\Views\komik\index.php(22): CodeIgniter\Debug\Exceptions->errorHandler(2, 'Trying to acces...', 'C:\\xampp\\htdocs...', 22)
#1 C:\xampp\htdocs\ci4\system\View\View.php(210): include('C:\\xampp\\htdocs...')
#2 C:\xampp\htdocs\ci4\system\View\View.php(213): CodeIgniter\View\View->CodeIgniter\View\{closure}()
#3 C:\xampp\htdocs\ci4\system\Common.php(1089): CodeIgniter\View\View->render('komik/index', Array, true)
#4 C:\xampp\htdocs\ci4\app\Controllers\Komik.php(22): view('komik/index', Array)
#5 C:\xampp\htdocs\ci4\system\CodeIgniter.php(832): App\Controllers\Komik->index()
#6 C:\xampp\htdocs\ci4\system\CodeIgniter.php(419): CodeIgniter\CodeIgniter->runController(Object(App\Controllers\Komik))
#7 C:\xampp\htdocs\ci4\system\CodeIgniter.php(326): CodeIgniter\CodeIgniter->handleRequest(NULL, Object(Config\Cache), false)
#8 C:\xampp\htdocs\ci4\public\index.php(37): CodeIgniter\CodeIgniter->run()
#9 C:\xampp\htdocs\ci4\system\Commands\Server\rewrite.php(43): require_once('C:\\xampp\\htdocs...')
#10 {main}
CRITICAL - 2022-06-07 21:38:16 --> Undefined variable $komikModel
#0 C:\xampp\htdocs\ci4\app\Views\komik\index.php(19): CodeIgniter\Debug\Exceptions->errorHandler(2, 'Undefined varia...', 'C:\\xampp\\htdocs...', 19)
#1 C:\xampp\htdocs\ci4\system\View\View.php(210): include('C:\\xampp\\htdocs...')
#2 C:\xampp\htdocs\ci4\system\View\View.php(213): CodeIgniter\View\View->CodeIgniter\View\{closure}()
#3 C:\xampp\htdocs\ci4\system\Common.php(1089): CodeIgniter\View\View->render('komik/index', Array, true)
#4 C:\xampp\htdocs\ci4\app\Controllers\Komik.php(22): view('komik/index', Array)
#5 C:\xampp\htdocs\ci4\system\CodeIgniter.php(832): App\Controllers\Komik->index()
#6 C:\xampp\htdocs\ci4\system\CodeIgniter.php(419): CodeIgniter\CodeIgniter->runController(Object(App\Controllers\Komik))
#7 C:\xampp\htdocs\ci4\system\CodeIgniter.php(326): CodeIgniter\CodeIgniter->handleRequest(NULL, Object(Config\Cache), false)
#8 C:\xampp\htdocs\ci4\public\index.php(37): CodeIgniter\CodeIgniter->run()
#9 C:\xampp\htdocs\ci4\system\Commands\Server\rewrite.php(43): require_once('C:\\xampp\\htdocs...')
#10 {main}
CRITICAL - 2022-06-07 22:24:13 --> Too few arguments to function App\Controllers\Komik::detail(), 0 passed in C:\xampp\htdocs\ci4\system\CodeIgniter.php on line 832 and exactly 1 expected
#0 C:\xampp\htdocs\ci4\system\CodeIgniter.php(832): App\Controllers\Komik->detail()
#1 C:\xampp\htdocs\ci4\system\CodeIgniter.php(419): CodeIgniter\CodeIgniter->runController(Object(App\Controllers\Komik))
#2 C:\xampp\htdocs\ci4\system\CodeIgniter.php(326): CodeIgniter\CodeIgniter->handleRequest(NULL, Object(Config\Cache), false)
#3 C:\xampp\htdocs\ci4\public\index.php(37): CodeIgniter\CodeIgniter->run()
#4 C:\xampp\htdocs\ci4\system\Commands\Server\rewrite.php(43): require_once('C:\\xampp\\htdocs...')
#5 {main}
CRITICAL - 2022-06-07 22:24:18 --> Too few arguments to function App\Controllers\Komik::detail(), 0 passed in C:\xampp\htdocs\ci4\system\CodeIgniter.php on line 832 and exactly 1 expected
#0 C:\xampp\htdocs\ci4\system\CodeIgniter.php(832): App\Controllers\Komik->detail()
#1 C:\xampp\htdocs\ci4\system\CodeIgniter.php(419): CodeIgniter\CodeIgniter->runController(Object(App\Controllers\Komik))
#2 C:\xampp\htdocs\ci4\system\CodeIgniter.php(326): CodeIgniter\CodeIgniter->handleRequest(NULL, Object(Config\Cache), false)
#3 C:\xampp\htdocs\ci4\public\index.php(37): CodeIgniter\CodeIgniter->run()
#4 C:\xampp\htdocs\ci4\system\Commands\Server\rewrite.php(43): require_once('C:\\xampp\\htdocs...')
#5 {main}
CRITICAL - 2022-06-07 22:25:03 --> Too few arguments to function App\Controllers\Komik::detail(), 0 passed in C:\xampp\htdocs\ci4\system\CodeIgniter.php on line 832 and exactly 1 expected
#0 C:\xampp\htdocs\ci4\system\CodeIgniter.php(832): App\Controllers\Komik->detail()
#1 C:\xampp\htdocs\ci4\system\CodeIgniter.php(419): CodeIgniter\CodeIgniter->runController(Object(App\Controllers\Komik))
#2 C:\xampp\htdocs\ci4\system\CodeIgniter.php(326): CodeIgniter\CodeIgniter->handleRequest(NULL, Object(Config\Cache), false)
#3 C:\xampp\htdocs\ci4\public\index.php(37): CodeIgniter\CodeIgniter->run()
#4 C:\xampp\htdocs\ci4\system\Commands\Server\rewrite.php(43): require_once('C:\\xampp\\htdocs...')
#5 {main}
CRITICAL - 2022-06-07 22:29:28 --> Too few arguments to function App\Controllers\Komik::detail(), 0 passed in C:\xampp\htdocs\ci4\system\CodeIgniter.php on line 832 and exactly 1 expected
#0 C:\xampp\htdocs\ci4\system\CodeIgniter.php(832): App\Controllers\Komik->detail()
#1 C:\xampp\htdocs\ci4\system\CodeIgniter.php(419): CodeIgniter\CodeIgniter->runController(Object(App\Controllers\Komik))
#2 C:\xampp\htdocs\ci4\system\CodeIgniter.php(326): CodeIgniter\CodeIgniter->handleRequest(NULL, Object(Config\Cache), false)
#3 C:\xampp\htdocs\ci4\public\index.php(37): CodeIgniter\CodeIgniter->run()
#4 C:\xampp\htdocs\ci4\system\Commands\Server\rewrite.php(43): require_once('C:\\xampp\\htdocs...')
#5 {main}
CRITICAL - 2022-06-07 22:32:11 --> Too few arguments to function App\Controllers\Komik::detail(), 0 passed in C:\xampp\htdocs\ci4\system\CodeIgniter.php on line 832 and exactly 1 expected
#0 C:\xampp\htdocs\ci4\system\CodeIgniter.php(832): App\Controllers\Komik->detail()
#1 C:\xampp\htdocs\ci4\system\CodeIgniter.php(419): CodeIgniter\CodeIgniter->runController(Object(App\Controllers\Komik))
#2 C:\xampp\htdocs\ci4\system\CodeIgniter.php(326): CodeIgniter\CodeIgniter->handleRequest(NULL, Object(Config\Cache), false)
#3 C:\xampp\htdocs\ci4\public\index.php(37): CodeIgniter\CodeIgniter->run()
#4 C:\xampp\htdocs\ci4\system\Commands\Server\rewrite.php(43): require_once('C:\\xampp\\htdocs...')
#5 {main}
CRITICAL - 2022-06-07 22:37:13 --> Too few arguments to function App\Controllers\Komik::detail(), 0 passed in C:\xampp\htdocs\ci4\system\CodeIgniter.php on line 832 and exactly 1 expected
#0 C:\xampp\htdocs\ci4\system\CodeIgniter.php(832): App\Controllers\Komik->detail()
#1 C:\xampp\htdocs\ci4\system\CodeIgniter.php(419): CodeIgniter\CodeIgniter->runController(Object(App\Controllers\Komik))
#2 C:\xampp\htdocs\ci4\system\CodeIgniter.php(326): CodeIgniter\CodeIgniter->handleRequest(NULL, Object(Config\Cache), false)
#3 C:\xampp\htdocs\ci4\public\index.php(37): CodeIgniter\CodeIgniter->run()
#4 C:\xampp\htdocs\ci4\system\Commands\Server\rewrite.php(43): require_once('C:\\xampp\\htdocs...')
#5 {main}
CRITICAL - 2022-06-07 22:38:15 --> Too few arguments to function App\Controllers\Komik::detail(), 0 passed in C:\xampp\htdocs\ci4\system\CodeIgniter.php on line 832 and exactly 1 expected
#0 C:\xampp\htdocs\ci4\system\CodeIgniter.php(832): App\Controllers\Komik->detail()
#1 C:\xampp\htdocs\ci4\system\CodeIgniter.php(419): CodeIgniter\CodeIgniter->runController(Object(App\Controllers\Komik))
#2 C:\xampp\htdocs\ci4\system\CodeIgniter.php(326): CodeIgniter\CodeIgniter->handleRequest(NULL, Object(Config\Cache), false)
#3 C:\xampp\htdocs\ci4\public\index.php(37): CodeIgniter\CodeIgniter->run()
#4 C:\xampp\htdocs\ci4\system\Commands\Server\rewrite.php(43): require_once('C:\\xampp\\htdocs...')
#5 {main}
CRITICAL - 2022-06-07 22:38:22 --> Too few arguments to function App\Controllers\Komik::detail(), 0 passed in C:\xampp\htdocs\ci4\system\CodeIgniter.php on line 832 and exactly 1 expected
#0 C:\xampp\htdocs\ci4\system\CodeIgniter.php(832): App\Controllers\Komik->detail()
#1 C:\xampp\htdocs\ci4\system\CodeIgniter.php(419): CodeIgniter\CodeIgniter->runController(Object(App\Controllers\Komik))
#2 C:\xampp\htdocs\ci4\system\CodeIgniter.php(326): CodeIgniter\CodeIgniter->handleRequest(NULL, Object(Config\Cache), false)
#3 C:\xampp\htdocs\ci4\public\index.php(37): CodeIgniter\CodeIgniter->run()
#4 C:\xampp\htdocs\ci4\system\Commands\Server\rewrite.php(43): require_once('C:\\xampp\\htdocs...')
#5 {main}
CRITICAL - 2022-06-07 22:40:01 --> Too few arguments to function App\Controllers\Komik::detail(), 0 passed in C:\xampp\htdocs\ci4\system\CodeIgniter.php on line 832 and exactly 1 expected
#0 C:\xampp\htdocs\ci4\system\CodeIgniter.php(832): App\Controllers\Komik->detail()
#1 C:\xampp\htdocs\ci4\system\CodeIgniter.php(419): CodeIgniter\CodeIgniter->runController(Object(App\Controllers\Komik))
#2 C:\xampp\htdocs\ci4\system\CodeIgniter.php(326): CodeIgniter\CodeIgniter->handleRequest(NULL, Object(Config\Cache), false)
#3 C:\xampp\htdocs\ci4\public\index.php(37): CodeIgniter\CodeIgniter->run()
#4 C:\xampp\htdocs\ci4\system\Commands\Server\rewrite.php(43): require_once('C:\\xampp\\htdocs...')
#5 {main}
CRITICAL - 2022-06-07 22:40:04 --> Too few arguments to function App\Controllers\Komik::detail(), 0 passed in C:\xampp\htdocs\ci4\system\CodeIgniter.php on line 832 and exactly 1 expected
#0 C:\xampp\htdocs\ci4\system\CodeIgniter.php(832): App\Controllers\Komik->detail()
#1 C:\xampp\htdocs\ci4\system\CodeIgniter.php(419): CodeIgniter\CodeIgniter->runController(Object(App\Controllers\Komik))
#2 C:\xampp\htdocs\ci4\system\CodeIgniter.php(326): CodeIgniter\CodeIgniter->handleRequest(NULL, Object(Config\Cache), false)
#3 C:\xampp\htdocs\ci4\public\index.php(37): CodeIgniter\CodeIgniter->run()
#4 C:\xampp\htdocs\ci4\system\Commands\Server\rewrite.php(43): require_once('C:\\xampp\\htdocs...')
#5 {main}
CRITICAL - 2022-06-07 22:47:42 --> Undefined array key "sampul"
#0 C:\xampp\htdocs\ci4\app\Views\komik\detail.php(7): CodeIgniter\Debug\Exceptions->errorHandler(2, 'Undefined array...', 'C:\\xampp\\htdocs...', 7)
#1 C:\xampp\htdocs\ci4\system\View\View.php(210): include('C:\\xampp\\htdocs...')
#2 C:\xampp\htdocs\ci4\system\View\View.php(213): CodeIgniter\View\View->CodeIgniter\View\{closure}()
#3 C:\xampp\htdocs\ci4\system\Common.php(1089): CodeIgniter\View\View->render('komik/detail', Array, true)
#4 C:\xampp\htdocs\ci4\app\Controllers\Komik.php(31): view('komik/detail', Array)
#5 C:\xampp\htdocs\ci4\system\CodeIgniter.php(832): App\Controllers\Komik->detail('naruto')
#6 C:\xampp\htdocs\ci4\system\CodeIgniter.php(419): CodeIgniter\CodeIgniter->runController(Object(App\Controllers\Komik))
#7 C:\xampp\htdocs\ci4\system\CodeIgniter.php(326): CodeIgniter\CodeIgniter->handleRequest(NULL, Object(Config\Cache), false)
#8 C:\xampp\htdocs\ci4\public\index.php(37): CodeIgniter\CodeIgniter->run()
#9 C:\xampp\htdocs\ci4\system\Commands\Server\rewrite.php(43): require_once('C:\\xampp\\htdocs...')
#10 {main}
CRITICAL - 2022-06-07 22:47:46 --> Cannot access offset of type string on string
#0 C:\xampp\htdocs\ci4\system\View\View.php(210): include()
#1 C:\xampp\htdocs\ci4\system\View\View.php(213): CodeIgniter\View\View->CodeIgniter\View\{closure}()
#2 C:\xampp\htdocs\ci4\system\Common.php(1089): CodeIgniter\View\View->render('komik/index', Array, true)
#3 C:\xampp\htdocs\ci4\app\Controllers\Komik.php(22): view('komik/index', Array)
#4 C:\xampp\htdocs\ci4\system\CodeIgniter.php(832): App\Controllers\Komik->index()
#5 C:\xampp\htdocs\ci4\system\CodeIgniter.php(419): CodeIgniter\CodeIgniter->runController(Object(App\Controllers\Komik))
#6 C:\xampp\htdocs\ci4\system\CodeIgniter.php(326): CodeIgniter\CodeIgniter->handleRequest(NULL, Object(Config\Cache), false)
#7 C:\xampp\htdocs\ci4\public\index.php(37): CodeIgniter\CodeIgniter->run()
#8 C:\xampp\htdocs\ci4\system\Commands\Server\rewrite.php(43): require_once('C:\\xampp\\htdocs...')
#9 {main}
CRITICAL - 2022-06-07 23:04:14 --> Undefined variable $endSection
#0 C:\xampp\htdocs\ci4\app\Views\komik\detail.php(24): CodeIgniter\Debug\Exceptions->errorHandler(2, 'Undefined varia...', 'C:\\xampp\\htdocs...', 24)
#1 C:\xampp\htdocs\ci4\system\View\View.php(210): include('C:\\xampp\\htdocs...')
#2 C:\xampp\htdocs\ci4\system\View\View.php(213): CodeIgniter\View\View->CodeIgniter\View\{closure}()
#3 C:\xampp\htdocs\ci4\system\Common.php(1089): CodeIgniter\View\View->render('komik/detail', Array, true)
#4 C:\xampp\htdocs\ci4\app\Controllers\Komik.php(31): view('komik/detail', Array)
#5 C:\xampp\htdocs\ci4\system\CodeIgniter.php(832): App\Controllers\Komik->detail('naruto')
#6 C:\xampp\htdocs\ci4\system\CodeIgniter.php(419): CodeIgniter\CodeIgniter->runController(Object(App\Controllers\Komik))
#7 C:\xampp\htdocs\ci4\system\CodeIgniter.php(326): CodeIgniter\CodeIgniter->handleRequest(NULL, Object(Config\Cache), false)
#8 C:\xampp\htdocs\ci4\public\index.php(37): CodeIgniter\CodeIgniter->run()
#9 C:\xampp\htdocs\ci4\system\Commands\Server\rewrite.php(43): require_once('C:\\xampp\\htdocs...')
#10 {main}
CRITICAL - 2022-06-07 23:24:58 --> Trying to access array offset on value of type null
#0 C:\xampp\htdocs\ci4\app\Views\komik\detail.php(11): CodeIgniter\Debug\Exceptions->errorHandler(2, 'Trying to acces...', 'C:\\xampp\\htdocs...', 11)
#1 C:\xampp\htdocs\ci4\system\View\View.php(210): include('C:\\xampp\\htdocs...')
#2 C:\xampp\htdocs\ci4\system\View\View.php(213): CodeIgniter\View\View->CodeIgniter\View\{closure}()
#3 C:\xampp\htdocs\ci4\system\Common.php(1089): CodeIgniter\View\View->render('komik/detail', Array, true)
#4 C:\xampp\htdocs\ci4\app\Controllers\Komik.php(31): view('komik/detail', Array)
#5 C:\xampp\htdocs\ci4\system\CodeIgniter.php(832): App\Controllers\Komik->detail('tambah')
#6 C:\xampp\htdocs\ci4\system\CodeIgniter.php(419): CodeIgniter\CodeIgniter->runController(Object(App\Controllers\Komik))
#7 C:\xampp\htdocs\ci4\system\CodeIgniter.php(326): CodeIgniter\CodeIgniter->handleRequest(NULL, Object(Config\Cache), false)
#8 C:\xampp\htdocs\ci4\public\index.php(37): CodeIgniter\CodeIgniter->run()
#9 C:\xampp\htdocs\ci4\system\Commands\Server\rewrite.php(43): require_once('C:\\xampp\\htdocs...')
#10 {main}
CRITICAL - 2022-06-07 23:25:00 --> Trying to access array offset on value of type null
#0 C:\xampp\htdocs\ci4\app\Views\komik\detail.php(11): CodeIgniter\Debug\Exceptions->errorHandler(2, 'Trying to acces...', 'C:\\xampp\\htdocs...', 11)
#1 C:\xampp\htdocs\ci4\system\View\View.php(210): include('C:\\xampp\\htdocs...')
#2 C:\xampp\htdocs\ci4\system\View\View.php(213): CodeIgniter\View\View->CodeIgniter\View\{closure}()
#3 C:\xampp\htdocs\ci4\system\Common.php(1089): CodeIgniter\View\View->render('komik/detail', Array, true)
#4 C:\xampp\htdocs\ci4\app\Controllers\Komik.php(31): view('komik/detail', Array)
#5 C:\xampp\htdocs\ci4\system\CodeIgniter.php(832): App\Controllers\Komik->detail('tambah')
#6 C:\xampp\htdocs\ci4\system\CodeIgniter.php(419): CodeIgniter\CodeIgniter->runController(Object(App\Controllers\Komik))
#7 C:\xampp\htdocs\ci4\system\CodeIgniter.php(326): CodeIgniter\CodeIgniter->handleRequest(NULL, Object(Config\Cache), false)
#8 C:\xampp\htdocs\ci4\public\index.php(37): CodeIgniter\CodeIgniter->run()
#9 C:\xampp\htdocs\ci4\system\Commands\Server\rewrite.php(43): require_once('C:\\xampp\\htdocs...')
#10 {main}
CRITICAL - 2022-06-07 23:25:06 --> Trying to access array offset on value of type null
#0 C:\xampp\htdocs\ci4\app\Views\komik\detail.php(11): CodeIgniter\Debug\Exceptions->errorHandler(2, 'Trying to acces...', 'C:\\xampp\\htdocs...', 11)
#1 C:\xampp\htdocs\ci4\system\View\View.php(210): include('C:\\xampp\\htdocs...')
#2 C:\xampp\htdocs\ci4\system\View\View.php(213): CodeIgniter\View\View->CodeIgniter\View\{closure}()
#3 C:\xampp\htdocs\ci4\system\Common.php(1089): CodeIgniter\View\View->render('komik/detail', Array, true)
#4 C:\xampp\htdocs\ci4\app\Controllers\Komik.php(31): view('komik/detail', Array)
#5 C:\xampp\htdocs\ci4\system\CodeIgniter.php(832): App\Controllers\Komik->detail('create')
#6 C:\xampp\htdocs\ci4\system\CodeIgniter.php(419): CodeIgniter\CodeIgniter->runController(Object(App\Controllers\Komik))
#7 C:\xampp\htdocs\ci4\system\CodeIgniter.php(326): CodeIgniter\CodeIgniter->handleRequest(NULL, Object(Config\Cache), false)
#8 C:\xampp\htdocs\ci4\public\index.php(37): CodeIgniter\CodeIgniter->run()
#9 C:\xampp\htdocs\ci4\system\Commands\Server\rewrite.php(43): require_once('C:\\xampp\\htdocs...')
#10 {main}
CRITICAL - 2022-06-07 23:26:20 --> Trying to access array offset on value of type null
#0 C:\xampp\htdocs\ci4\app\Views\komik\detail.php(11): CodeIgniter\Debug\Exceptions->errorHandler(2, 'Trying to acces...', 'C:\\xampp\\htdocs...', 11)
#1 C:\xampp\htdocs\ci4\system\View\View.php(210): include('C:\\xampp\\htdocs...')
#2 C:\xampp\htdocs\ci4\system\View\View.php(213): CodeIgniter\View\View->CodeIgniter\View\{closure}()
#3 C:\xampp\htdocs\ci4\system\Common.php(1089): CodeIgniter\View\View->render('komik/detail', Array, true)
#4 C:\xampp\htdocs\ci4\app\Controllers\Komik.php(31): view('komik/detail', Array)
#5 C:\xampp\htdocs\ci4\system\CodeIgniter.php(832): App\Controllers\Komik->detail('create')
#6 C:\xampp\htdocs\ci4\system\CodeIgniter.php(419): CodeIgniter\CodeIgniter->runController(Object(App\Controllers\Komik))
#7 C:\xampp\htdocs\ci4\system\CodeIgniter.php(326): CodeIgniter\CodeIgniter->handleRequest(NULL, Object(Config\Cache), false)
#8 C:\xampp\htdocs\ci4\public\index.php(37): CodeIgniter\CodeIgniter->run()
#9 C:\xampp\htdocs\ci4\system\Commands\Server\rewrite.php(43): require_once('C:\\xampp\\htdocs...')
#10 {main}
CRITICAL - 2022-06-07 23:28:02 --> Trying to access array offset on value of type null
#0 C:\xampp\htdocs\ci4\app\Views\komik\detail.php(11): CodeIgniter\Debug\Exceptions->errorHandler(2, 'Trying to acces...', 'C:\\xampp\\htdocs...', 11)
#1 C:\xampp\htdocs\ci4\system\View\View.php(210): include('C:\\xampp\\htdocs...')
#2 C:\xampp\htdocs\ci4\system\View\View.php(213): CodeIgniter\View\View->CodeIgniter\View\{closure}()
#3 C:\xampp\htdocs\ci4\system\Common.php(1089): CodeIgniter\View\View->render('komik/detail', Array, true)
#4 C:\xampp\htdocs\ci4\app\Controllers\Komik.php(31): view('komik/detail', Array)
#5 C:\xampp\htdocs\ci4\system\CodeIgniter.php(832): App\Controllers\Komik->detail('create')
#6 C:\xampp\htdocs\ci4\system\CodeIgniter.php(419): CodeIgniter\CodeIgniter->runController(Object(App\Controllers\Komik))
#7 C:\xampp\htdocs\ci4\system\CodeIgniter.php(326): CodeIgniter\CodeIgniter->handleRequest(NULL, Object(Config\Cache), false)
#8 C:\xampp\htdocs\ci4\public\index.php(37): CodeIgniter\CodeIgniter->run()
#9 C:\xampp\htdocs\ci4\system\Commands\Server\rewrite.php(43): require_once('C:\\xampp\\htdocs...')
#10 {main}
CRITICAL - 2022-06-07 23:28:32 --> Trying to access array offset on value of type null
#0 C:\xampp\htdocs\ci4\app\Views\komik\detail.php(11): CodeIgniter\Debug\Exceptions->errorHandler(2, 'Trying to acces...', 'C:\\xampp\\htdocs...', 11)
#1 C:\xampp\htdocs\ci4\system\View\View.php(210): include('C:\\xampp\\htdocs...')
#2 C:\xampp\htdocs\ci4\system\View\View.php(213): CodeIgniter\View\View->CodeIgniter\View\{closure}()
#3 C:\xampp\htdocs\ci4\system\Common.php(1089): CodeIgniter\View\View->render('komik/detail', Array, true)
#4 C:\xampp\htdocs\ci4\app\Controllers\Komik.php(31): view('komik/detail', Array)
#5 C:\xampp\htdocs\ci4\system\CodeIgniter.php(832): App\Controllers\Komik->detail('create')
#6 C:\xampp\htdocs\ci4\system\CodeIgniter.php(419): CodeIgniter\CodeIgniter->runController(Object(App\Controllers\Komik))
#7 C:\xampp\htdocs\ci4\system\CodeIgniter.php(326): CodeIgniter\CodeIgniter->handleRequest(NULL, Object(Config\Cache), false)
#8 C:\xampp\htdocs\ci4\public\index.php(37): CodeIgniter\CodeIgniter->run()
#9 C:\xampp\htdocs\ci4\system\Commands\Server\rewrite.php(43): require_once('C:\\xampp\\htdocs...')
#10 {main}
CRITICAL - 2022-06-07 23:30:23 --> Trying to access array offset on value of type null
#0 C:\xampp\htdocs\ci4\app\Views\komik\detail.php(11): CodeIgniter\Debug\Exceptions->errorHandler(2, 'Trying to acces...', 'C:\\xampp\\htdocs...', 11)
#1 C:\xampp\htdocs\ci4\system\View\View.php(210): include('C:\\xampp\\htdocs...')
#2 C:\xampp\htdocs\ci4\system\View\View.php(213): CodeIgniter\View\View->CodeIgniter\View\{closure}()
#3 C:\xampp\htdocs\ci4\system\Common.php(1089): CodeIgniter\View\View->render('komik/detail', Array, true)
#4 C:\xampp\htdocs\ci4\app\Controllers\Komik.php(31): view('komik/detail', Array)
#5 C:\xampp\htdocs\ci4\system\CodeIgniter.php(832): App\Controllers\Komik->detail('create')
#6 C:\xampp\htdocs\ci4\system\CodeIgniter.php(419): CodeIgniter\CodeIgniter->runController(Object(App\Controllers\Komik))
#7 C:\xampp\htdocs\ci4\system\CodeIgniter.php(326): CodeIgniter\CodeIgniter->handleRequest(NULL, Object(Config\Cache), false)
#8 C:\xampp\htdocs\ci4\public\index.php(37): CodeIgniter\CodeIgniter->run()
#9 C:\xampp\htdocs\ci4\system\Commands\Server\rewrite.php(43): require_once('C:\\xampp\\htdocs...')
#10 {main}
CRITICAL - 2022-06-07 23:32:48 --> Trying to access array offset on value of type null
#0 C:\xampp\htdocs\ci4\app\Views\komik\detail.php(11): CodeIgniter\Debug\Exceptions->errorHandler(2, 'Trying to acces...', 'C:\\xampp\\htdocs...', 11)
#1 C:\xampp\htdocs\ci4\system\View\View.php(210): include('C:\\xampp\\htdocs...')
#2 C:\xampp\htdocs\ci4\system\View\View.php(213): CodeIgniter\View\View->CodeIgniter\View\{closure}()
#3 C:\xampp\htdocs\ci4\system\Common.php(1089): CodeIgniter\View\View->render('komik/detail', Array, true)
#4 C:\xampp\htdocs\ci4\app\Controllers\Komik.php(31): view('komik/detail', Array)
#5 C:\xampp\htdocs\ci4\system\CodeIgniter.php(832): App\Controllers\Komik->detail('create')
#6 C:\xampp\htdocs\ci4\system\CodeIgniter.php(419): CodeIgniter\CodeIgniter->runController(Object(App\Controllers\Komik))
#7 C:\xampp\htdocs\ci4\system\CodeIgniter.php(326): CodeIgniter\CodeIgniter->handleRequest(NULL, Object(Config\Cache), false)
#8 C:\xampp\htdocs\ci4\public\index.php(37): CodeIgniter\CodeIgniter->run()
#9 C:\xampp\htdocs\ci4\system\Commands\Server\rewrite.php(43): require_once('C:\\xampp\\htdocs...')
#10 {main}
CRITICAL - 2022-06-07 23:32:54 --> Trying to access array offset on value of type null
#0 C:\xampp\htdocs\ci4\app\Views\komik\detail.php(11): CodeIgniter\Debug\Exceptions->errorHandler(2, 'Trying to acces...', 'C:\\xampp\\htdocs...', 11)
#1 C:\xampp\htdocs\ci4\system\View\View.php(210): include('C:\\xampp\\htdocs...')
#2 C:\xampp\htdocs\ci4\system\View\View.php(213): CodeIgniter\View\View->CodeIgniter\View\{closure}()
#3 C:\xampp\htdocs\ci4\system\Common.php(1089): CodeIgniter\View\View->render('komik/detail', Array, true)
#4 C:\xampp\htdocs\ci4\app\Controllers\Komik.php(31): view('komik/detail', Array)
#5 C:\xampp\htdocs\ci4\system\CodeIgniter.php(832): App\Controllers\Komik->detail('create')
#6 C:\xampp\htdocs\ci4\system\CodeIgniter.php(419): CodeIgniter\CodeIgniter->runController(Object(App\Controllers\Komik))
#7 C:\xampp\htdocs\ci4\system\CodeIgniter.php(326): CodeIgniter\CodeIgniter->handleRequest(NULL, Object(Config\Cache), false)
#8 C:\xampp\htdocs\ci4\public\index.php(37): CodeIgniter\CodeIgniter->run()
#9 C:\xampp\htdocs\ci4\system\Commands\Server\rewrite.php(43): require_once('C:\\xampp\\htdocs...')
#10 {main}
CRITICAL - 2022-06-07 23:34:00 --> Trying to access array offset on value of type null
#0 C:\xampp\htdocs\ci4\app\Views\komik\detail.php(11): CodeIgniter\Debug\Exceptions->errorHandler(2, 'Trying to acces...', 'C:\\xampp\\htdocs...', 11)
#1 C:\xampp\htdocs\ci4\system\View\View.php(210): include('C:\\xampp\\htdocs...')
#2 C:\xampp\htdocs\ci4\system\View\View.php(213): CodeIgniter\View\View->CodeIgniter\View\{closure}()
#3 C:\xampp\htdocs\ci4\system\Common.php(1089): CodeIgniter\View\View->render('komik/detail', Array, true)
#4 C:\xampp\htdocs\ci4\app\Controllers\Komik.php(31): view('komik/detail', Array)
#5 C:\xampp\htdocs\ci4\system\CodeIgniter.php(832): App\Controllers\Komik->detail('create')
#6 C:\xampp\htdocs\ci4\system\CodeIgniter.php(419): CodeIgniter\CodeIgniter->runController(Object(App\Controllers\Komik))
#7 C:\xampp\htdocs\ci4\system\CodeIgniter.php(326): CodeIgniter\CodeIgniter->handleRequest(NULL, Object(Config\Cache), false)
#8 C:\xampp\htdocs\ci4\public\index.php(37): CodeIgniter\CodeIgniter->run()
#9 C:\xampp\htdocs\ci4\system\Commands\Server\rewrite.php(43): require_once('C:\\xampp\\htdocs...')
#10 {main}
CRITICAL - 2022-06-07 23:34:05 --> Trying to access array offset on value of type null
#0 C:\xampp\htdocs\ci4\app\Views\komik\detail.php(11): CodeIgniter\Debug\Exceptions->errorHandler(2, 'Trying to acces...', 'C:\\xampp\\htdocs...', 11)
#1 C:\xampp\htdocs\ci4\system\View\View.php(210): include('C:\\xampp\\htdocs...')
#2 C:\xampp\htdocs\ci4\system\View\View.php(213): CodeIgniter\View\View->CodeIgniter\View\{closure}()
#3 C:\xampp\htdocs\ci4\system\Common.php(1089): CodeIgniter\View\View->render('komik/detail', Array, true)
#4 C:\xampp\htdocs\ci4\app\Controllers\Komik.php(31): view('komik/detail', Array)
#5 C:\xampp\htdocs\ci4\system\CodeIgniter.php(832): App\Controllers\Komik->detail('create')
#6 C:\xampp\htdocs\ci4\system\CodeIgniter.php(419): CodeIgniter\CodeIgniter->runController(Object(App\Controllers\Komik))
#7 C:\xampp\htdocs\ci4\system\CodeIgniter.php(326): CodeIgniter\CodeIgniter->handleRequest(NULL, Object(Config\Cache), false)
#8 C:\xampp\htdocs\ci4\public\index.php(37): CodeIgniter\CodeIgniter->run()
#9 C:\xampp\htdocs\ci4\system\Commands\Server\rewrite.php(43): require_once('C:\\xampp\\htdocs...')
#10 {main}
CRITICAL - 2022-06-07 23:34:37 --> Trying to access array offset on value of type null
#0 C:\xampp\htdocs\ci4\app\Views\komik\detail.php(11): CodeIgniter\Debug\Exceptions->errorHandler(2, 'Trying to acces...', 'C:\\xampp\\htdocs...', 11)
#1 C:\xampp\htdocs\ci4\system\View\View.php(210): include('C:\\xampp\\htdocs...')
#2 C:\xampp\htdocs\ci4\system\View\View.php(213): CodeIgniter\View\View->CodeIgniter\View\{closure}()
#3 C:\xampp\htdocs\ci4\system\Common.php(1089): CodeIgniter\View\View->render('komik/detail', Array, true)
#4 C:\xampp\htdocs\ci4\app\Controllers\Komik.php(31): view('komik/detail', Array)
#5 C:\xampp\htdocs\ci4\system\CodeIgniter.php(832): App\Controllers\Komik->detail('create')
#6 C:\xampp\htdocs\ci4\system\CodeIgniter.php(419): CodeIgniter\CodeIgniter->runController(Object(App\Controllers\Komik))
#7 C:\xampp\htdocs\ci4\system\CodeIgniter.php(326): CodeIgniter\CodeIgniter->handleRequest(NULL, Object(Config\Cache), false)
#8 C:\xampp\htdocs\ci4\public\index.php(37): CodeIgniter\CodeIgniter->run()
#9 C:\xampp\htdocs\ci4\system\Commands\Server\rewrite.php(43): require_once('C:\\xampp\\htdocs...')
#10 {main}
CRITICAL - 2022-06-07 23:34:43 --> Trying to access array offset on value of type null
#0 C:\xampp\htdocs\ci4\app\Views\komik\detail.php(11): CodeIgniter\Debug\Exceptions->errorHandler(2, 'Trying to acces...', 'C:\\xampp\\htdocs...', 11)
#1 C:\xampp\htdocs\ci4\system\View\View.php(210): include('C:\\xampp\\htdocs...')
#2 C:\xampp\htdocs\ci4\system\View\View.php(213): CodeIgniter\View\View->CodeIgniter\View\{closure}()
#3 C:\xampp\htdocs\ci4\system\Common.php(1089): CodeIgniter\View\View->render('komik/detail', Array, true)
#4 C:\xampp\htdocs\ci4\app\Controllers\Komik.php(31): view('komik/detail', Array)
#5 C:\xampp\htdocs\ci4\system\CodeIgniter.php(832): App\Controllers\Komik->detail('create')
#6 C:\xampp\htdocs\ci4\system\CodeIgniter.php(419): CodeIgniter\CodeIgniter->runController(Object(App\Controllers\Komik))
#7 C:\xampp\htdocs\ci4\system\CodeIgniter.php(326): CodeIgniter\CodeIgniter->handleRequest(NULL, Object(Config\Cache), false)
#8 C:\xampp\htdocs\ci4\public\index.php(37): CodeIgniter\CodeIgniter->run()
#9 C:\xampp\htdocs\ci4\system\Commands\Server\rewrite.php(43): require_once('C:\\xampp\\htdocs...')
#10 {main}
CRITICAL - 2022-06-07 23:53:16 --> Allowed fields must be specified for model: App\Models\KomikModel
#0 C:\xampp\htdocs\ci4\system\BaseModel.php(1138): CodeIgniter\Database\Exceptions\DataException::forInvalidAllowedFields('App\\Models\\Komi...')
#1 C:\xampp\htdocs\ci4\system\BaseModel.php(713): CodeIgniter\BaseModel->doProtectFields(Array)
#2 C:\xampp\htdocs\ci4\system\Model.php(625): CodeIgniter\BaseModel->insert(Array, false)
#3 C:\xampp\htdocs\ci4\system\BaseModel.php(658): CodeIgniter\Model->insert(Array, false)
#4 C:\xampp\htdocs\ci4\app\Controllers\Komik.php(53): CodeIgniter\BaseModel->save(Array)
#5 C:\xampp\htdocs\ci4\system\CodeIgniter.php(832): App\Controllers\Komik->save()
#6 C:\xampp\htdocs\ci4\system\CodeIgniter.php(419): CodeIgniter\CodeIgniter->runController(Object(App\Controllers\Komik))
#7 C:\xampp\htdocs\ci4\system\CodeIgniter.php(326): CodeIgniter\CodeIgniter->handleRequest(NULL, Object(Config\Cache), false)
#8 C:\xampp\htdocs\ci4\public\index.php(37): CodeIgniter\CodeIgniter->run()
#9 C:\xampp\htdocs\ci4\system\Commands\Server\rewrite.php(43): require_once('C:\\xampp\\htdocs...')
#10 {main}
ERROR - 2022-06-07 23:53:59 --> Column 'slug' cannot be null
CRITICAL - 2022-06-07 23:53:59 --> Column 'slug' cannot be null
#0 C:\xampp\htdocs\ci4\system\Database\MySQLi\Connection.php(292): mysqli->query('INSERT INTO `ko...', 0)
#1 C:\xampp\htdocs\ci4\system\Database\BaseConnection.php(670): CodeIgniter\Database\MySQLi\Connection->execute('INSERT INTO `ko...')
#2 C:\xampp\htdocs\ci4\system\Database\BaseConnection.php(598): CodeIgniter\Database\BaseConnection->simpleQuery('INSERT INTO `ko...')
#3 C:\xampp\htdocs\ci4\system\Database\BaseBuilder.php(1771): CodeIgniter\Database\BaseConnection->query('INSERT INTO `ko...', Array, false)
#4 C:\xampp\htdocs\ci4\system\Model.php(239): CodeIgniter\Database\BaseBuilder->insert()
#5 C:\xampp\htdocs\ci4\system\BaseModel.php(738): CodeIgniter\Model->doInsert(Array)
#6 C:\xampp\htdocs\ci4\system\Model.php(625): CodeIgniter\BaseModel->insert(Array, false)
#7 C:\xampp\htdocs\ci4\system\BaseModel.php(658): CodeIgniter\Model->insert(Array, false)
#8 C:\xampp\htdocs\ci4\app\Controllers\Komik.php(53): CodeIgniter\BaseModel->save(Array)
#9 C:\xampp\htdocs\ci4\system\CodeIgniter.php(832): App\Controllers\Komik->save()
#10 C:\xampp\htdocs\ci4\system\CodeIgniter.php(419): CodeIgniter\CodeIgniter->runController(Object(App\Controllers\Komik))
#11 C:\xampp\htdocs\ci4\system\CodeIgniter.php(326): CodeIgniter\CodeIgniter->handleRequest(NULL, Object(Config\Cache), false)
#12 C:\xampp\htdocs\ci4\public\index.php(37): CodeIgniter\CodeIgniter->run()
#13 C:\xampp\htdocs\ci4\system\Commands\Server\rewrite.php(43): require_once('C:\\xampp\\htdocs...')
#14 {main}
ERROR - 2022-06-07 23:54:28 --> Column 'slug' cannot be null
CRITICAL - 2022-06-07 23:54:28 --> Column 'slug' cannot be null
#0 C:\xampp\htdocs\ci4\system\Database\MySQLi\Connection.php(292): mysqli->query('INSERT INTO `ko...', 0)
#1 C:\xampp\htdocs\ci4\system\Database\BaseConnection.php(670): CodeIgniter\Database\MySQLi\Connection->execute('INSERT INTO `ko...')
#2 C:\xampp\htdocs\ci4\system\Database\BaseConnection.php(598): CodeIgniter\Database\BaseConnection->simpleQuery('INSERT INTO `ko...')
#3 C:\xampp\htdocs\ci4\system\Database\BaseBuilder.php(1771): CodeIgniter\Database\BaseConnection->query('INSERT INTO `ko...', Array, false)
#4 C:\xampp\htdocs\ci4\system\Model.php(239): CodeIgniter\Database\BaseBuilder->insert()
#5 C:\xampp\htdocs\ci4\system\BaseModel.php(738): CodeIgniter\Model->doInsert(Array)
#6 C:\xampp\htdocs\ci4\system\Model.php(625): CodeIgniter\BaseModel->insert(Array, false)
#7 C:\xampp\htdocs\ci4\system\BaseModel.php(658): CodeIgniter\Model->insert(Array, false)
#8 C:\xampp\htdocs\ci4\app\Controllers\Komik.php(53): CodeIgniter\BaseModel->save(Array)
#9 C:\xampp\htdocs\ci4\system\CodeIgniter.php(832): App\Controllers\Komik->save()
#10 C:\xampp\htdocs\ci4\system\CodeIgniter.php(419): CodeIgniter\CodeIgniter->runController(Object(App\Controllers\Komik))
#11 C:\xampp\htdocs\ci4\system\CodeIgniter.php(326): CodeIgniter\CodeIgniter->handleRequest(NULL, Object(Config\Cache), false)
#12 C:\xampp\htdocs\ci4\public\index.php(37): CodeIgniter\CodeIgniter->run()
#13 C:\xampp\htdocs\ci4\system\Commands\Server\rewrite.php(43): require_once('C:\\xampp\\htdocs...')
#14 {main}
